<?xml version="1.0" encoding="UTF-8"?>
<robot generator="Robot 4.1.3 (Python 3.9.10 on darwin)" generated="20220314 19:55:38.444" rpa="false" schemaversion="2">
<suite id="s1" name="Test To do list" source="/Users/hpdcp044/PycharmProjects/To_Do_List/Test/Test_To_do_list.robot">
<test id="s1-t1" name="Test case 1 Open browser and go to To-Do-List page">
<kw name="Open the browser">
<msg timestamp="20220314 19:55:38.525" level="TRACE">Arguments: [  ]</msg>
<kw name="Open Browser" library="SeleniumLibrary">
<arg>${URL}</arg>
<arg>${BRWOSER}</arg>
<doc>Opens a new browser instance to the optional ``url``.</doc>
<msg timestamp="20220314 19:55:38.526" level="TRACE">Arguments: [ 'https://abhigyank.github.io/To-Do-List/' | 'Chrome' ]</msg>
<msg timestamp="20220314 19:55:38.526" level="INFO">Opening browser 'Chrome' to base url 'https://abhigyank.github.io/To-Do-List/'.</msg>
<msg timestamp="20220314 19:55:39.038" level="DEBUG">POST http://localhost:57047/session {"capabilities": {"firstMatch": [{}], "alwaysMatch": {"browserName": "chrome", "pageLoadStrategy": "normal", "goog:chromeOptions": {"extensions": [], "args": []}}}, "desiredCapabilities": {"browserName": "chrome", "pageLoadStrategy": "normal", "goog:chromeOptions": {"extensions": [], "args": []}}}</msg>
<msg timestamp="20220314 19:55:39.039" level="DEBUG">Starting new HTTP connection (1): localhost:57047</msg>
<msg timestamp="20220314 19:55:40.016" level="DEBUG">http://localhost:57047 "POST /session HTTP/1.1" 200 797</msg>
<msg timestamp="20220314 19:55:40.016" level="DEBUG">Finished Request</msg>
<msg timestamp="20220314 19:55:40.016" level="DEBUG">POST http://localhost:57047/session/2fe8af78e9e8960e13976cfbff45c593/timeouts {"script": 5000}</msg>
<msg timestamp="20220314 19:55:40.017" level="DEBUG">http://localhost:57047 "POST /session/2fe8af78e9e8960e13976cfbff45c593/timeouts HTTP/1.1" 200 14</msg>
<msg timestamp="20220314 19:55:40.017" level="DEBUG">Finished Request</msg>
<msg timestamp="20220314 19:55:40.017" level="DEBUG">POST http://localhost:57047/session/2fe8af78e9e8960e13976cfbff45c593/timeouts {"implicit": 0}</msg>
<msg timestamp="20220314 19:55:40.017" level="DEBUG">http://localhost:57047 "POST /session/2fe8af78e9e8960e13976cfbff45c593/timeouts HTTP/1.1" 200 14</msg>
<msg timestamp="20220314 19:55:40.017" level="DEBUG">Finished Request</msg>
<msg timestamp="20220314 19:55:40.017" level="DEBUG">POST http://localhost:57047/session/2fe8af78e9e8960e13976cfbff45c593/url {"url": "https://abhigyank.github.io/To-Do-List/"}</msg>
<msg timestamp="20220314 19:55:40.579" level="DEBUG">http://localhost:57047 "POST /session/2fe8af78e9e8960e13976cfbff45c593/url HTTP/1.1" 200 14</msg>
<msg timestamp="20220314 19:55:40.580" level="DEBUG">Finished Request</msg>
<msg timestamp="20220314 19:55:40.580" level="DEBUG">Opened browser with session id 2fe8af78e9e8960e13976cfbff45c593.</msg>
<msg timestamp="20220314 19:55:40.580" level="TRACE">Return: 1</msg>
<status status="PASS" starttime="20220314 19:55:38.526" endtime="20220314 19:55:40.580"/>
</kw>
<msg timestamp="20220314 19:55:40.580" level="TRACE">Return: None</msg>
<status status="PASS" starttime="20220314 19:55:38.525" endtime="20220314 19:55:40.580"/>
</kw>
<kw name="Sleep" library="BuiltIn">
<arg>3s</arg>
<doc>Pauses the test executed for the given time.</doc>
<msg timestamp="20220314 19:55:40.580" level="TRACE">Arguments: [ '3s' ]</msg>
<msg timestamp="20220314 19:55:43.582" level="INFO">Slept 3 seconds</msg>
<msg timestamp="20220314 19:55:43.582" level="TRACE">Return: None</msg>
<status status="PASS" starttime="20220314 19:55:40.580" endtime="20220314 19:55:43.583"/>
</kw>
<status status="PASS" starttime="20220314 19:55:38.525" endtime="20220314 19:55:43.583"/>
</test>
<test id="s1-t2" name="Test case 2 add task and open tap task">
<kw name="Add to do list 1">
<msg timestamp="20220314 19:55:43.587" level="TRACE">Arguments: [  ]</msg>
<kw name="Input Text" library="SeleniumLibrary">
<arg>id:new-task</arg>
<arg>${TASK1}</arg>
<doc>Types the given ``text`` into the text field identified by ``locator``.</doc>
<msg timestamp="20220314 19:55:43.588" level="TRACE">Arguments: [ 'id:new-task' | 'Exam for BluePI' ]</msg>
<msg timestamp="20220314 19:55:43.588" level="INFO">Typing text 'Exam for BluePI' into text field 'id:new-task'.</msg>
<msg timestamp="20220314 19:55:43.588" level="DEBUG">POST http://localhost:57047/session/2fe8af78e9e8960e13976cfbff45c593/elements {"using": "css selector", "value": "[id=\"new-task\"]"}</msg>
<msg timestamp="20220314 19:55:43.603" level="DEBUG">http://localhost:57047 "POST /session/2fe8af78e9e8960e13976cfbff45c593/elements HTTP/1.1" 200 90</msg>
<msg timestamp="20220314 19:55:43.603" level="DEBUG">Finished Request</msg>
<msg timestamp="20220314 19:55:43.603" level="DEBUG">POST http://localhost:57047/session/2fe8af78e9e8960e13976cfbff45c593/element/b52904a9-17ab-4717-aafd-961a66006f65/clear {"id": "b52904a9-17ab-4717-aafd-961a66006f65"}</msg>
<msg timestamp="20220314 19:55:43.629" level="DEBUG">http://localhost:57047 "POST /session/2fe8af78e9e8960e13976cfbff45c593/element/b52904a9-17ab-4717-aafd-961a66006f65/clear HTTP/1.1" 200 14</msg>
<msg timestamp="20220314 19:55:43.629" level="DEBUG">Finished Request</msg>
<msg timestamp="20220314 19:55:43.629" level="DEBUG">POST http://localhost:57047/session/2fe8af78e9e8960e13976cfbff45c593/element/b52904a9-17ab-4717-aafd-961a66006f65/value {"text": "Exam for BluePI", "value": ["E", "x", "a", "m", " ", "f", "o", "r", " ", "B", "l", "u", "e", "P", "I"], "id": "b52904a9-17ab-4717-aafd-961a66006f65"}</msg>
<msg timestamp="20220314 19:55:43.677" level="DEBUG">http://localhost:57047 "POST /session/2fe8af78e9e8960e13976cfbff45c593/element/b52904a9-17ab-4717-aafd-961a66006f65/value HTTP/1.1" 200 14</msg>
<msg timestamp="20220314 19:55:43.677" level="DEBUG">Finished Request</msg>
<msg timestamp="20220314 19:55:43.677" level="TRACE">Return: None</msg>
<status status="PASS" starttime="20220314 19:55:43.587" endtime="20220314 19:55:43.677"/>
</kw>
<kw name="Sleep" library="BuiltIn">
<arg>2s</arg>
<doc>Pauses the test executed for the given time.</doc>
<msg timestamp="20220314 19:55:43.678" level="TRACE">Arguments: [ '2s' ]</msg>
<msg timestamp="20220314 19:55:45.679" level="INFO">Slept 2 seconds</msg>
<msg timestamp="20220314 19:55:45.679" level="TRACE">Return: None</msg>
<status status="PASS" starttime="20220314 19:55:43.678" endtime="20220314 19:55:45.680"/>
</kw>
<kw name="Click Element" library="SeleniumLibrary">
<arg>xpath://button</arg>
<doc>Click the element identified by ``locator``.</doc>
<msg timestamp="20220314 19:55:45.681" level="TRACE">Arguments: [ 'xpath://button' ]</msg>
<msg timestamp="20220314 19:55:45.681" level="INFO">Clicking element 'xpath://button'.</msg>
<msg timestamp="20220314 19:55:45.681" level="DEBUG">POST http://localhost:57047/session/2fe8af78e9e8960e13976cfbff45c593/elements {"using": "xpath", "value": "//button"}</msg>
<msg timestamp="20220314 19:55:45.695" level="DEBUG">http://localhost:57047 "POST /session/2fe8af78e9e8960e13976cfbff45c593/elements HTTP/1.1" 200 90</msg>
<msg timestamp="20220314 19:55:45.695" level="DEBUG">Finished Request</msg>
<msg timestamp="20220314 19:55:45.695" level="DEBUG">POST http://localhost:57047/session/2fe8af78e9e8960e13976cfbff45c593/element/588ab800-d8d9-4f2c-8f91-2f3b224e212c/click {"id": "588ab800-d8d9-4f2c-8f91-2f3b224e212c"}</msg>
<msg timestamp="20220314 19:55:45.720" level="DEBUG">http://localhost:57047 "POST /session/2fe8af78e9e8960e13976cfbff45c593/element/588ab800-d8d9-4f2c-8f91-2f3b224e212c/click HTTP/1.1" 200 14</msg>
<msg timestamp="20220314 19:55:45.720" level="DEBUG">Finished Request</msg>
<msg timestamp="20220314 19:55:45.720" level="TRACE">Return: None</msg>
<status status="PASS" starttime="20220314 19:55:45.680" endtime="20220314 19:55:45.720"/>
</kw>
<msg timestamp="20220314 19:55:45.720" level="TRACE">Return: None</msg>
<status status="PASS" starttime="20220314 19:55:43.586" endtime="20220314 19:55:45.720"/>
</kw>
<kw name="Sleep" library="BuiltIn">
<arg>3s</arg>
<doc>Pauses the test executed for the given time.</doc>
<msg timestamp="20220314 19:55:45.721" level="TRACE">Arguments: [ '3s' ]</msg>
<msg timestamp="20220314 19:55:48.723" level="INFO">Slept 3 seconds</msg>
<msg timestamp="20220314 19:55:48.724" level="TRACE">Return: None</msg>
<status status="PASS" starttime="20220314 19:55:45.720" endtime="20220314 19:55:48.724"/>
</kw>
<kw name="Add to do for delete">
<msg timestamp="20220314 19:55:48.725" level="TRACE">Arguments: [  ]</msg>
<kw name="Input Text" library="SeleniumLibrary">
<arg>id:new-task</arg>
<arg>${TASKFORDELETE}}</arg>
<doc>Types the given ``text`` into the text field identified by ``locator``.</doc>
<msg timestamp="20220314 19:55:48.726" level="TRACE">Arguments: [ 'id:new-task' | 'IT WRONG TASKS}' ]</msg>
<msg timestamp="20220314 19:55:48.726" level="INFO">Typing text 'IT WRONG TASKS}' into text field 'id:new-task'.</msg>
<msg timestamp="20220314 19:55:48.726" level="DEBUG">POST http://localhost:57047/session/2fe8af78e9e8960e13976cfbff45c593/elements {"using": "css selector", "value": "[id=\"new-task\"]"}</msg>
<msg timestamp="20220314 19:55:48.734" level="DEBUG">http://localhost:57047 "POST /session/2fe8af78e9e8960e13976cfbff45c593/elements HTTP/1.1" 200 90</msg>
<msg timestamp="20220314 19:55:48.734" level="DEBUG">Finished Request</msg>
<msg timestamp="20220314 19:55:48.735" level="DEBUG">POST http://localhost:57047/session/2fe8af78e9e8960e13976cfbff45c593/element/b52904a9-17ab-4717-aafd-961a66006f65/clear {"id": "b52904a9-17ab-4717-aafd-961a66006f65"}</msg>
<msg timestamp="20220314 19:55:48.750" level="DEBUG">http://localhost:57047 "POST /session/2fe8af78e9e8960e13976cfbff45c593/element/b52904a9-17ab-4717-aafd-961a66006f65/clear HTTP/1.1" 200 14</msg>
<msg timestamp="20220314 19:55:48.750" level="DEBUG">Finished Request</msg>
<msg timestamp="20220314 19:55:48.750" level="DEBUG">POST http://localhost:57047/session/2fe8af78e9e8960e13976cfbff45c593/element/b52904a9-17ab-4717-aafd-961a66006f65/value {"text": "IT WRONG TASKS}", "value": ["I", "T", " ", "W", "R", "O", "N", "G", " ", "T", "A", "S", "K", "S", "}"], "id": "b52904a9-17ab-4717-aafd-961a66006f65"}</msg>
<msg timestamp="20220314 19:55:48.766" level="DEBUG">http://localhost:57047 "POST /session/2fe8af78e9e8960e13976cfbff45c593/element/b52904a9-17ab-4717-aafd-961a66006f65/value HTTP/1.1" 200 14</msg>
<msg timestamp="20220314 19:55:48.767" level="DEBUG">Finished Request</msg>
<msg timestamp="20220314 19:55:48.767" level="TRACE">Return: None</msg>
<status status="PASS" starttime="20220314 19:55:48.725" endtime="20220314 19:55:48.767"/>
</kw>
<kw name="Sleep" library="BuiltIn">
<arg>2s</arg>
<doc>Pauses the test executed for the given time.</doc>
<msg timestamp="20220314 19:55:48.767" level="TRACE">Arguments: [ '2s' ]</msg>
<msg timestamp="20220314 19:55:50.768" level="INFO">Slept 2 seconds</msg>
<msg timestamp="20220314 19:55:50.768" level="TRACE">Return: None</msg>
<status status="PASS" starttime="20220314 19:55:48.767" endtime="20220314 19:55:50.768"/>
</kw>
<kw name="Click Element" library="SeleniumLibrary">
<arg>xpath://button</arg>
<doc>Click the element identified by ``locator``.</doc>
<msg timestamp="20220314 19:55:50.769" level="TRACE">Arguments: [ 'xpath://button' ]</msg>
<msg timestamp="20220314 19:55:50.770" level="INFO">Clicking element 'xpath://button'.</msg>
<msg timestamp="20220314 19:55:50.770" level="DEBUG">POST http://localhost:57047/session/2fe8af78e9e8960e13976cfbff45c593/elements {"using": "xpath", "value": "//button"}</msg>
<msg timestamp="20220314 19:55:50.779" level="DEBUG">http://localhost:57047 "POST /session/2fe8af78e9e8960e13976cfbff45c593/elements HTTP/1.1" 200 169</msg>
<msg timestamp="20220314 19:55:50.779" level="DEBUG">Finished Request</msg>
<msg timestamp="20220314 19:55:50.779" level="DEBUG">POST http://localhost:57047/session/2fe8af78e9e8960e13976cfbff45c593/element/588ab800-d8d9-4f2c-8f91-2f3b224e212c/click {"id": "588ab800-d8d9-4f2c-8f91-2f3b224e212c"}</msg>
<msg timestamp="20220314 19:55:50.796" level="DEBUG">http://localhost:57047 "POST /session/2fe8af78e9e8960e13976cfbff45c593/element/588ab800-d8d9-4f2c-8f91-2f3b224e212c/click HTTP/1.1" 200 14</msg>
<msg timestamp="20220314 19:55:50.796" level="DEBUG">Finished Request</msg>
<msg timestamp="20220314 19:55:50.796" level="TRACE">Return: None</msg>
<status status="PASS" starttime="20220314 19:55:50.769" endtime="20220314 19:55:50.796"/>
</kw>
<msg timestamp="20220314 19:55:50.796" level="TRACE">Return: None</msg>
<status status="PASS" starttime="20220314 19:55:48.724" endtime="20220314 19:55:50.796"/>
</kw>
<kw name="Sleep" library="BuiltIn">
<arg>3s</arg>
<doc>Pauses the test executed for the given time.</doc>
<msg timestamp="20220314 19:55:50.797" level="TRACE">Arguments: [ '3s' ]</msg>
<msg timestamp="20220314 19:55:53.797" level="INFO">Slept 3 seconds</msg>
<msg timestamp="20220314 19:55:53.797" level="TRACE">Return: None</msg>
<status status="PASS" starttime="20220314 19:55:50.796" endtime="20220314 19:55:53.798"/>
</kw>
<kw name="Open task tap">
<msg timestamp="20220314 19:55:53.799" level="TRACE">Arguments: [  ]</msg>
<kw name="Click Element" library="SeleniumLibrary">
<arg>xpath://a[@href='#todo']</arg>
<doc>Click the element identified by ``locator``.</doc>
<msg timestamp="20220314 19:55:53.800" level="TRACE">Arguments: [ "xpath://a[@href='#todo']" ]</msg>
<msg timestamp="20220314 19:55:53.800" level="INFO">Clicking element 'xpath://a[@href='#todo']'.</msg>
<msg timestamp="20220314 19:55:53.800" level="DEBUG">POST http://localhost:57047/session/2fe8af78e9e8960e13976cfbff45c593/elements {"using": "xpath", "value": "//a[@href='#todo']"}</msg>
<msg timestamp="20220314 19:55:53.815" level="DEBUG">http://localhost:57047 "POST /session/2fe8af78e9e8960e13976cfbff45c593/elements HTTP/1.1" 200 90</msg>
<msg timestamp="20220314 19:55:53.815" level="DEBUG">Finished Request</msg>
<msg timestamp="20220314 19:55:53.815" level="DEBUG">POST http://localhost:57047/session/2fe8af78e9e8960e13976cfbff45c593/element/8475855b-84de-46bc-8648-472bf5d6910e/click {"id": "8475855b-84de-46bc-8648-472bf5d6910e"}</msg>
<msg timestamp="20220314 19:55:53.847" level="DEBUG">http://localhost:57047 "POST /session/2fe8af78e9e8960e13976cfbff45c593/element/8475855b-84de-46bc-8648-472bf5d6910e/click HTTP/1.1" 200 14</msg>
<msg timestamp="20220314 19:55:53.848" level="DEBUG">Finished Request</msg>
<msg timestamp="20220314 19:55:53.848" level="TRACE">Return: None</msg>
<status status="PASS" starttime="20220314 19:55:53.799" endtime="20220314 19:55:53.848"/>
</kw>
<msg timestamp="20220314 19:55:53.848" level="TRACE">Return: None</msg>
<status status="PASS" starttime="20220314 19:55:53.798" endtime="20220314 19:55:53.848"/>
</kw>
<kw name="Sleep" library="BuiltIn">
<arg>3s</arg>
<doc>Pauses the test executed for the given time.</doc>
<msg timestamp="20220314 19:55:53.848" level="TRACE">Arguments: [ '3s' ]</msg>
<msg timestamp="20220314 19:55:56.850" level="INFO">Slept 3 seconds</msg>
<msg timestamp="20220314 19:55:56.850" level="TRACE">Return: None</msg>
<status status="PASS" starttime="20220314 19:55:53.848" endtime="20220314 19:55:56.851"/>
</kw>
<status status="PASS" starttime="20220314 19:55:43.585" endtime="20220314 19:55:56.851"/>
</test>
<test id="s1-t3" name="Test case 3 mark complate exam Blue PI">
<kw name="Mask task 1 complate">
<msg timestamp="20220314 19:55:56.854" level="TRACE">Arguments: [  ]</msg>
<kw name="Click Element" library="SeleniumLibrary">
<arg>xpath:/html/body/div/div/div[3]/ul/li[1]/label/span[4]</arg>
<doc>Click the element identified by ``locator``.</doc>
<msg timestamp="20220314 19:55:56.854" level="TRACE">Arguments: [ 'xpath:/html/body/div/div/div[3]/ul/li[1]/label/span[4]' ]</msg>
<msg timestamp="20220314 19:55:56.855" level="INFO">Clicking element 'xpath:/html/body/div/div/div[3]/ul/li[1]/label/span[4]'.</msg>
<msg timestamp="20220314 19:55:56.855" level="DEBUG">POST http://localhost:57047/session/2fe8af78e9e8960e13976cfbff45c593/elements {"using": "xpath", "value": "/html/body/div/div/div[3]/ul/li[1]/label/span[4]"}</msg>
<msg timestamp="20220314 19:55:56.868" level="DEBUG">http://localhost:57047 "POST /session/2fe8af78e9e8960e13976cfbff45c593/elements HTTP/1.1" 200 90</msg>
<msg timestamp="20220314 19:55:56.868" level="DEBUG">Finished Request</msg>
<msg timestamp="20220314 19:55:56.868" level="DEBUG">POST http://localhost:57047/session/2fe8af78e9e8960e13976cfbff45c593/element/28b1efa1-255a-4ba7-85ab-9eb038c446a2/click {"id": "28b1efa1-255a-4ba7-85ab-9eb038c446a2"}</msg>
<msg timestamp="20220314 19:55:56.892" level="DEBUG">http://localhost:57047 "POST /session/2fe8af78e9e8960e13976cfbff45c593/element/28b1efa1-255a-4ba7-85ab-9eb038c446a2/click HTTP/1.1" 200 14</msg>
<msg timestamp="20220314 19:55:56.892" level="DEBUG">Finished Request</msg>
<msg timestamp="20220314 19:55:56.892" level="TRACE">Return: None</msg>
<status status="PASS" starttime="20220314 19:55:56.854" endtime="20220314 19:55:56.892"/>
</kw>
<msg timestamp="20220314 19:55:56.892" level="TRACE">Return: None</msg>
<status status="PASS" starttime="20220314 19:55:56.853" endtime="20220314 19:55:56.892"/>
</kw>
<kw name="Sleep" library="BuiltIn">
<arg>3s</arg>
<doc>Pauses the test executed for the given time.</doc>
<msg timestamp="20220314 19:55:56.892" level="TRACE">Arguments: [ '3s' ]</msg>
<msg timestamp="20220314 19:55:59.894" level="INFO">Slept 3 seconds</msg>
<msg timestamp="20220314 19:55:59.894" level="TRACE">Return: None</msg>
<status status="PASS" starttime="20220314 19:55:56.892" endtime="20220314 19:55:59.894"/>
</kw>
<kw name="Open complete tap">
<msg timestamp="20220314 19:55:59.896" level="TRACE">Arguments: [  ]</msg>
<kw name="Click Element" library="SeleniumLibrary">
<arg>xpath://a[@href='#completed']</arg>
<doc>Click the element identified by ``locator``.</doc>
<msg timestamp="20220314 19:55:59.896" level="TRACE">Arguments: [ "xpath://a[@href='#completed']" ]</msg>
<msg timestamp="20220314 19:55:59.896" level="INFO">Clicking element 'xpath://a[@href='#completed']'.</msg>
<msg timestamp="20220314 19:55:59.897" level="DEBUG">POST http://localhost:57047/session/2fe8af78e9e8960e13976cfbff45c593/elements {"using": "xpath", "value": "//a[@href='#completed']"}</msg>
<msg timestamp="20220314 19:55:59.909" level="DEBUG">http://localhost:57047 "POST /session/2fe8af78e9e8960e13976cfbff45c593/elements HTTP/1.1" 200 90</msg>
<msg timestamp="20220314 19:55:59.910" level="DEBUG">Finished Request</msg>
<msg timestamp="20220314 19:55:59.910" level="DEBUG">POST http://localhost:57047/session/2fe8af78e9e8960e13976cfbff45c593/element/6baa75dc-dbee-47d0-bbd1-4a3763ef771a/click {"id": "6baa75dc-dbee-47d0-bbd1-4a3763ef771a"}</msg>
<msg timestamp="20220314 19:55:59.935" level="DEBUG">http://localhost:57047 "POST /session/2fe8af78e9e8960e13976cfbff45c593/element/6baa75dc-dbee-47d0-bbd1-4a3763ef771a/click HTTP/1.1" 200 14</msg>
<msg timestamp="20220314 19:55:59.935" level="DEBUG">Finished Request</msg>
<msg timestamp="20220314 19:55:59.935" level="TRACE">Return: None</msg>
<status status="PASS" starttime="20220314 19:55:59.896" endtime="20220314 19:55:59.935"/>
</kw>
<msg timestamp="20220314 19:55:59.935" level="TRACE">Return: None</msg>
<status status="PASS" starttime="20220314 19:55:59.895" endtime="20220314 19:55:59.935"/>
</kw>
<kw name="Sleep" library="BuiltIn">
<arg>3s</arg>
<doc>Pauses the test executed for the given time.</doc>
<msg timestamp="20220314 19:55:59.936" level="TRACE">Arguments: [ '3s' ]</msg>
<msg timestamp="20220314 19:56:02.937" level="INFO">Slept 3 seconds</msg>
<msg timestamp="20220314 19:56:02.937" level="TRACE">Return: None</msg>
<status status="PASS" starttime="20220314 19:55:59.935" endtime="20220314 19:56:02.937"/>
</kw>
<status status="PASS" starttime="20220314 19:55:56.852" endtime="20220314 19:56:02.938"/>
</test>
<test id="s1-t4" name="Test case 4 Delete task 2">
<kw name="Open task tap">
<msg timestamp="20220314 19:56:02.941" level="TRACE">Arguments: [  ]</msg>
<kw name="Click Element" library="SeleniumLibrary">
<arg>xpath://a[@href='#todo']</arg>
<doc>Click the element identified by ``locator``.</doc>
<msg timestamp="20220314 19:56:02.941" level="TRACE">Arguments: [ "xpath://a[@href='#todo']" ]</msg>
<msg timestamp="20220314 19:56:02.941" level="INFO">Clicking element 'xpath://a[@href='#todo']'.</msg>
<msg timestamp="20220314 19:56:02.941" level="DEBUG">POST http://localhost:57047/session/2fe8af78e9e8960e13976cfbff45c593/elements {"using": "xpath", "value": "//a[@href='#todo']"}</msg>
<msg timestamp="20220314 19:56:02.947" level="DEBUG">http://localhost:57047 "POST /session/2fe8af78e9e8960e13976cfbff45c593/elements HTTP/1.1" 200 90</msg>
<msg timestamp="20220314 19:56:02.947" level="DEBUG">Finished Request</msg>
<msg timestamp="20220314 19:56:02.947" level="DEBUG">POST http://localhost:57047/session/2fe8af78e9e8960e13976cfbff45c593/element/8475855b-84de-46bc-8648-472bf5d6910e/click {"id": "8475855b-84de-46bc-8648-472bf5d6910e"}</msg>
<msg timestamp="20220314 19:56:02.966" level="DEBUG">http://localhost:57047 "POST /session/2fe8af78e9e8960e13976cfbff45c593/element/8475855b-84de-46bc-8648-472bf5d6910e/click HTTP/1.1" 200 14</msg>
<msg timestamp="20220314 19:56:02.966" level="DEBUG">Finished Request</msg>
<msg timestamp="20220314 19:56:02.966" level="TRACE">Return: None</msg>
<status status="PASS" starttime="20220314 19:56:02.941" endtime="20220314 19:56:02.966"/>
</kw>
<msg timestamp="20220314 19:56:02.966" level="TRACE">Return: None</msg>
<status status="PASS" starttime="20220314 19:56:02.940" endtime="20220314 19:56:02.966"/>
</kw>
<kw name="Sleep" library="BuiltIn">
<arg>3s</arg>
<doc>Pauses the test executed for the given time.</doc>
<msg timestamp="20220314 19:56:02.966" level="TRACE">Arguments: [ '3s' ]</msg>
<msg timestamp="20220314 19:56:05.967" level="INFO">Slept 3 seconds</msg>
<msg timestamp="20220314 19:56:05.967" level="TRACE">Return: None</msg>
<status status="PASS" starttime="20220314 19:56:02.966" endtime="20220314 19:56:05.967"/>
</kw>
<kw name="Delate task 2">
<msg timestamp="20220314 19:56:05.968" level="TRACE">Arguments: [  ]</msg>
<kw name="Click Element" library="SeleniumLibrary">
<arg>xpath:/html/body/div/div/div[3]/ul/li/button/span</arg>
<doc>Click the element identified by ``locator``.</doc>
<msg timestamp="20220314 19:56:05.969" level="TRACE">Arguments: [ 'xpath:/html/body/div/div/div[3]/ul/li/button/span' ]</msg>
<msg timestamp="20220314 19:56:05.969" level="INFO">Clicking element 'xpath:/html/body/div/div/div[3]/ul/li/button/span'.</msg>
<msg timestamp="20220314 19:56:05.969" level="DEBUG">POST http://localhost:57047/session/2fe8af78e9e8960e13976cfbff45c593/elements {"using": "xpath", "value": "/html/body/div/div/div[3]/ul/li/button/span"}</msg>
<msg timestamp="20220314 19:56:05.978" level="DEBUG">http://localhost:57047 "POST /session/2fe8af78e9e8960e13976cfbff45c593/elements HTTP/1.1" 200 90</msg>
<msg timestamp="20220314 19:56:05.979" level="DEBUG">Finished Request</msg>
<msg timestamp="20220314 19:56:05.979" level="DEBUG">POST http://localhost:57047/session/2fe8af78e9e8960e13976cfbff45c593/element/95d81486-59f9-4da3-8c0c-484989f1fb96/click {"id": "95d81486-59f9-4da3-8c0c-484989f1fb96"}</msg>
<msg timestamp="20220314 19:56:06.000" level="DEBUG">http://localhost:57047 "POST /session/2fe8af78e9e8960e13976cfbff45c593/element/95d81486-59f9-4da3-8c0c-484989f1fb96/click HTTP/1.1" 200 14</msg>
<msg timestamp="20220314 19:56:06.000" level="DEBUG">Finished Request</msg>
<msg timestamp="20220314 19:56:06.001" level="TRACE">Return: None</msg>
<status status="PASS" starttime="20220314 19:56:05.968" endtime="20220314 19:56:06.001"/>
</kw>
<msg timestamp="20220314 19:56:06.001" level="TRACE">Return: None</msg>
<status status="PASS" starttime="20220314 19:56:05.968" endtime="20220314 19:56:06.001"/>
</kw>
<kw name="Sleep" library="BuiltIn">
<arg>2s</arg>
<doc>Pauses the test executed for the given time.</doc>
<msg timestamp="20220314 19:56:06.001" level="TRACE">Arguments: [ '2s' ]</msg>
<msg timestamp="20220314 19:56:08.002" level="INFO">Slept 2 seconds</msg>
<msg timestamp="20220314 19:56:08.003" level="TRACE">Return: None</msg>
<status status="PASS" starttime="20220314 19:56:06.001" endtime="20220314 19:56:08.003"/>
</kw>
<kw name="Open complete tap">
<msg timestamp="20220314 19:56:08.005" level="TRACE">Arguments: [  ]</msg>
<kw name="Click Element" library="SeleniumLibrary">
<arg>xpath://a[@href='#completed']</arg>
<doc>Click the element identified by ``locator``.</doc>
<msg timestamp="20220314 19:56:08.006" level="TRACE">Arguments: [ "xpath://a[@href='#completed']" ]</msg>
<msg timestamp="20220314 19:56:08.007" level="INFO">Clicking element 'xpath://a[@href='#completed']'.</msg>
<msg timestamp="20220314 19:56:08.008" level="DEBUG">POST http://localhost:57047/session/2fe8af78e9e8960e13976cfbff45c593/elements {"using": "xpath", "value": "//a[@href='#completed']"}</msg>
<msg timestamp="20220314 19:56:08.016" level="DEBUG">http://localhost:57047 "POST /session/2fe8af78e9e8960e13976cfbff45c593/elements HTTP/1.1" 200 90</msg>
<msg timestamp="20220314 19:56:08.016" level="DEBUG">Finished Request</msg>
<msg timestamp="20220314 19:56:08.016" level="DEBUG">POST http://localhost:57047/session/2fe8af78e9e8960e13976cfbff45c593/element/6baa75dc-dbee-47d0-bbd1-4a3763ef771a/click {"id": "6baa75dc-dbee-47d0-bbd1-4a3763ef771a"}</msg>
<msg timestamp="20220314 19:56:08.037" level="DEBUG">http://localhost:57047 "POST /session/2fe8af78e9e8960e13976cfbff45c593/element/6baa75dc-dbee-47d0-bbd1-4a3763ef771a/click HTTP/1.1" 200 14</msg>
<msg timestamp="20220314 19:56:08.038" level="DEBUG">Finished Request</msg>
<msg timestamp="20220314 19:56:08.038" level="TRACE">Return: None</msg>
<status status="PASS" starttime="20220314 19:56:08.005" endtime="20220314 19:56:08.038"/>
</kw>
<msg timestamp="20220314 19:56:08.038" level="TRACE">Return: None</msg>
<status status="PASS" starttime="20220314 19:56:08.004" endtime="20220314 19:56:08.038"/>
</kw>
<kw name="Sleep" library="BuiltIn">
<arg>2s</arg>
<doc>Pauses the test executed for the given time.</doc>
<msg timestamp="20220314 19:56:08.038" level="TRACE">Arguments: [ '2s' ]</msg>
<msg timestamp="20220314 19:56:10.039" level="INFO">Slept 2 seconds</msg>
<msg timestamp="20220314 19:56:10.039" level="TRACE">Return: None</msg>
<status status="PASS" starttime="20220314 19:56:08.038" endtime="20220314 19:56:10.039"/>
</kw>
<status status="PASS" starttime="20220314 19:56:02.939" endtime="20220314 19:56:10.040"/>
</test>
<status status="PASS" starttime="20220314 19:55:38.445" endtime="20220314 19:56:10.042"/>
</suite>
<statistics>
<total>
<stat pass="4" fail="0" skip="0">All Tests</stat>
</total>
<tag>
</tag>
<suite>
<stat pass="4" fail="0" skip="0" id="s1" name="Test To do list">Test To do list</stat>
</suite>
</statistics>
<errors>
</errors>
</robot>
